<?xml version="1.0" encoding="UTF-8"?>
<!-- Generated by org.testng.reporters.JUnitXMLReporter -->
<testsuite ignored="0" hostname="arunachalam-Satellite-C50-A422" failures="0" tests="3" name="Test" time="26.558" errors="0" timestamp="2023-02-12T14:46:49 IST">
  <testcase classname="uiChallenge.UITest" name="openPage" time="11.712"/>
  <testcase classname="uiChallenge.UITest" name="mainRegion" time="6.071"/>
  <testcase classname="uiChallenge.UITest" name="subRegion" time="5.982"/>
</testsuite> <!-- Test -->
