<?xml version="1.0" encoding="UTF-8"?>
<testng-results ignored="0" total="3" passed="3" failed="0" skipped="0">
  <reporter-output>
  </reporter-output>
  <suite started-at="2023-02-12T14:46:23 IST" name="Suite" finished-at="2023-02-12T14:46:49 IST" duration-ms="26558">
    <groups>
    </groups>
    <test started-at="2023-02-12T14:46:23 IST" name="Test" finished-at="2023-02-12T14:46:49 IST" duration-ms="26558">
      <class name="uiChallenge.UITest">
        <test-method is-config="true" signature="beforeTest()[pri:0, instance:uiChallenge.UITest@147ed70f]" started-at="2023-02-12T14:46:23 IST" name="beforeTest" finished-at="2023-02-12T14:46:25 IST" duration-ms="2116" status="PASS">
          <reporter-output>
          </reporter-output>
        </test-method> <!-- beforeTest -->
        <test-method signature="openPage()[pri:1, instance:uiChallenge.UITest@147ed70f]" started-at="2023-02-12T14:46:25 IST" name="openPage" finished-at="2023-02-12T14:46:37 IST" duration-ms="11712" status="PASS">
          <reporter-output>
          </reporter-output>
        </test-method> <!-- openPage -->
        <test-method signature="mainRegion(java.lang.String)[pri:2, instance:uiChallenge.UITest@147ed70f]" started-at="2023-02-12T14:46:37 IST" name="mainRegion" finished-at="2023-02-12T14:46:43 IST" depends-on-methods="uiChallenge.UITest.openPage" duration-ms="6071" status="PASS">
          <params>
            <param index="0">
              <value>
                <![CDATA[alabama]]>
              </value>
            </param>
          </params>
          <reporter-output>
          </reporter-output>
        </test-method> <!-- mainRegion -->
        <test-method signature="subRegion()[pri:0, instance:uiChallenge.UITest@147ed70f]" started-at="2023-02-12T14:46:43 IST" name="subRegion" finished-at="2023-02-12T14:46:49 IST" depends-on-methods="uiChallenge.UITest.mainRegion" duration-ms="5982" status="PASS">
          <reporter-output>
          </reporter-output>
        </test-method> <!-- subRegion -->
        <test-method is-config="true" signature="afterTest()[pri:0, instance:uiChallenge.UITest@147ed70f]" started-at="2023-02-12T14:46:49 IST" name="afterTest" finished-at="2023-02-12T14:46:49 IST" duration-ms="620" status="PASS">
          <reporter-output>
          </reporter-output>
        </test-method> <!-- afterTest -->
      </class> <!-- uiChallenge.UITest -->
    </test> <!-- Test -->
  </suite> <!-- Suite -->
</testng-results>
